build/app/outputs/mapping/release/seeds.txt
com.example.temp.MainActivity
com.example.temp.MainActivity: MainActivity()
...
androidx.core.view.WindowInsetsCompat$Impl20: androidx.core.graphics.Insets getInsets(int,boolean)
androidx.appcompat.widget.AppCompatImageView: void setBackgroundResource(int)
androidx.appcompat.widget.ActionMenuView: android.view.Menu getMenu()
androidx.core.widget.NestedScrollView: float getVerticalScrollFactorCompat()
com.google.android.material.textfield.TextInputEditText: void setTextInputLayoutFocusedRectEnabled(boolean)
androidx.window.embedding.EmbeddingCompat$Companion: boolean isEmbeddingAvailable()
com.google.android.material.chip.Chip: void setChipCornerRadius(float)
androidx.window.embedding.ActivityRule: int hashCode()
com.google.android.material.chip.Chip: android.content.res.ColorStateList getRippleColor()
com.google.android.material.bottomsheet.BottomSheetBehavior: BottomSheetBehavior()
com.google.android.material.chip.Chip: void setChipIconEnabled(boolean)
androidx.window.layout.ExtensionsWindowLayoutInfoAdapter: ExtensionsWindowLayoutInfoAdapter()
com.google.android.material.button.MaterialButtonToggleGroup: int getCheckedButtonId()
androidx.appcompat.widget.ActionBarOverlayLayout: int getNestedScrollAxes()
androidx.window.layout.WindowLayoutInfo: int hashCode()
androidx.window.embedding.SplitRule: int getMinWidth()
androidx.core.app.NotificationCompatBuilder$Api21Impl: android.app.Notification$Builder setColor(android.app.Notification$Builder,int)
androidx.appcompat.widget.ActionBarContextView: java.lang.CharSequence getTitle()
androidx.window.embedding.EmbeddingAdapter: java.util.function.Predicate translateActivityIntentPredicates(java.util.Set)
io.flutter.view.AccessibilityViewEmbedder: boolean requestSendAccessibilityEvent(android.view.View,android.view.View,android.view.accessibility.AccessibilityEvent)
com.google.android.material.internal.ForegroundLinearLayout: void setForeground(android.graphics.drawable.Drawable)
com.google.android.material.chip.Chip: void setEllipsize(android.text.TextUtils$TruncateAt)
androidx.vectordrawable.graphics.drawable.VectorDrawableCompat$VGroup: void setTranslateY(float)
com.google.android.material.button.MaterialButton: void setBackgroundDrawable(android.graphics.drawable.Drawable)
androidx.window.layout.FoldingFeature$State$Companion: FoldingFeature$State$Companion()
androidx.window.layout.HardwareFoldingFeature$Type$Companion: HardwareFoldingFeature$Type$Companion()
com.google.android.material.button.MaterialButtonToggleGroup: void setupButtonChild(com.google.android.material.button.MaterialButton)
androidx.appcompat.widget.AppCompatCheckBox: void setSupportBackgroundTintList(android.content.res.ColorStateList)
androidx.appcompat.widget.AppCompatButton: void setSupportCompoundDrawablesTintMode(android.graphics.PorterDuff$Mode)
androidx.constraintlayout.solver.widgets.ConstraintAnchor$Type: androidx.constraintlayout.solver.widgets.ConstraintAnchor$Type valueOf(java.lang.String)
androidx.appcompat.widget.Toolbar: void setTitle(int)
io.flutter.embedding.engine.FlutterOverlaySurface: FlutterOverlaySurface(int,android.view.Surface)
com.google.android.material.snackbar.Snackbar$SnackbarLayout: void setBackground(android.graphics.drawable.Drawable)
androidx.core.view.WindowInsetsCompat$BuilderImpl20: WindowInsetsCompat$BuilderImpl20()
kotlinx.coroutines.channels.BufferOverflow: kotlinx.coroutines.channels.BufferOverflow[] values()
io.flutter.embedding.engine.renderer.FlutterRenderer$DisplayFeatureType: io.flutter.embedding.engine.renderer.FlutterRenderer$DisplayFeatureType valueOf(java.lang.String)
com.google.android.material.textfield.TextInputLayout: void setHintEnabled(boolean)
androidx.core.view.accessibility.AccessibilityNodeInfoCompat$Api34Impl: void setRequestInitialAccessibilityFocus(android.view.accessibility.AccessibilityNodeInfo,boolean)
androidx.appcompat.widget.SearchView$SearchAutoComplete: int getSearchViewTextMinWidthDp()
androidx.window.embedding.SplitController: void access$setGlobalInstance$cp(androidx.window.embedding.SplitController)