build/app/outputs/mapping/release/mapping.txt
# compiler: R8
# compiler_version: 8.4.22
# min_api: 21
# common_typos_disable
# {"id":"com.android.tools.r8.mapping","version":"2.2"}
# pg_map_id: 81a3879
# pg_map_hash: SHA-256 81a38799286f4e727a2a52b887988128e7bc5d3e6803d86cd1fd3bb5d9b2ea1c
com.example.temp.MainActivity -> com.example.temp.MainActivity:
# {"id":"sourceFile","fileName":"MainActivity.kt"}
...
com.baseflow.geolocator.location.NmeaClient -> N.Q:
# {"id":"sourceFile","fileName":"NmeaClient.java"}
    android.content.Context context -> a
    android.location.LocationManager locationManager -> b
    com.baseflow.geolocator.location.LocationOptions locationOptions -> c
      # {"id":"com.android.tools.r8.residualsignature","signature":"LN/G;"}
    android.location.OnNmeaMessageListener nmeaMessageListener -> d
    android.location.GnssStatus$Callback gnssCallback -> e
    java.lang.String lastNmeaMessage -> f
    double gnss_satellite_count -> g
    double gnss_satellites_used_in_fix -> h
    java.util.Calendar lastNmeaMessageTime -> i
    boolean listenerAdded -> j
    1:41:void <init>(android.content.Context,com.baseflow.geolocator.location.LocationOptions):0:0 -> <init>
      # {"id":"com.android.tools.r8.residualsignature","signature":"(Landroid/content/Context;LN/G;)V"}
    1:1:void N.NmeaClient.$r8$lambda$OgGxX3gxFA6xKb2omcBIjJ8ciqw(N.NmeaClient,java.lang.String,long):0:0 -> a
      # {"id":"com.android.tools.r8.synthesized"}
      # {"id":"com.android.tools.r8.residualsignature","signature":"(LN/Q;Ljava/lang/String;J)V"}
    1:3:double access$000(com.baseflow.geolocator.location.NmeaClient):0:0 -> b
      # {"id":"com.android.tools.r8.residualsignature","signature":"(LN/Q;)D"}
    1:3:double access$002(com.baseflow.geolocator.location.NmeaClient,double):0:0 -> c
      # {"id":"com.android.tools.r8.residualsignature","signature":"(LN/Q;D)D"}
com.baseflow.geolocator.location.NmeaClient$$ExternalSyntheticApiModelOutline0 -> N.J:
# {"id":"sourceFile","fileName":"R8$$SyntheticClass"}
# {"id":"com.android.tools.r8.synthesized"}
    1:1:boolean N.NmeaClient$$ExternalSyntheticApiModelOutline0.m(android.location.LocationManager,android.location.OnNmeaMessageListener,android.os.Handler):0:0 -> a
      # {"id":"com.android.tools.r8.synthesized"}
com.baseflow.geolocator.location.NmeaClient$$ExternalSyntheticApiModelOutline1 -> N.K:
# {"id":"sourceFile","fileName":"R8$$SyntheticClass"}
# {"id":"com.android.tools.r8.synthesized"}
    1:1:boolean N.NmeaClient$$ExternalSyntheticApiModelOutline1.m(android.location.LocationManager,android.location.GnssStatus$Callback,android.os.Handler):0:0 -> a
      # {"id":"com.android.tools.r8.synthesized"}
com.baseflow.geolocator.location.NmeaClient$$ExternalSyntheticApiModelOutline2 -> N.L:
# {"id":"sourceFile","fileName":"R8$$SyntheticClass"}
# {"id":"com.android.tools.r8.synthesized"}
    1:1:void N.NmeaClient$$ExternalSyntheticApiModelOutline2.m(android.location.LocationManager,android.location.OnNmeaMessageListener):0:0 -> a
      # {"id":"com.android.tools.r8.synthesized"}
com.baseflow.geolocator.location.NmeaClient$$ExternalSyntheticApiModelOutline3 -> N.M:
# {"id":"sourceFile","fileName":"R8$$SyntheticClass"}
# {"id":"com.android.tools.r8.synthesized"}
    1:1:void N.NmeaClient$$ExternalSyntheticApiModelOutline3.m(android.location.LocationManager,android.location.GnssStatus$Callback):0:0 -> a
      # {"id":"com.android.tools.r8.synthesized"}
com.baseflow.geolocator.location.NmeaClient$$ExternalSyntheticLambda4 -> N.N:
# {"id":"sourceFile","fileName":"R8$$SyntheticClass"}
# {"id":"com.android.tools.r8.synthesized"}
    com.baseflow.geolocator.location.NmeaClient com.baseflow.geolocator.location.NmeaClient$$InternalSyntheticLambda$2$b150a1234a64723eea04ab98797f8a1f139c76c31d8fed939e80aec6a88ca263$0.f$0 -> a
      # {"id":"com.android.tools.r8.residualsignature","signature":"LN/Q;"}
      # {"id":"com.android.tools.r8.synthesized"}
    1:1:void N.NmeaClient$$ExternalSyntheticLambda4.<init>(N.NmeaClient):0:0 -> <init>
      # {"id":"com.android.tools.r8.synthesized"}
      # {"id":"com.android.tools.r8.residualsignature","signature":"(LN/Q;)V"}
    1:1:void N.NmeaClient$$ExternalSyntheticLambda4.onNmeaMessage(java.lang.String,long):0:0 -> onNmeaMessage
      # {"id":"com.android.tools.r8.synthesized"}