build/app/outputs/mapping/release/usage.txt
com.example.temp.R$drawable
com.example.temp.R$mipmap
com.example.temp.R$style
com.example.temp.R
...
com.google.android.gms.common.internal.safeparcel.SafeParcelable$Constructor
com.google.android.gms.common.internal.safeparcel.SafeParcelable$Field
com.google.android.gms.common.internal.safeparcel.SafeParcelable$Indicator
com.google.android.gms.common.internal.safeparcel.SafeParcelable$Param
com.google.android.gms.common.internal.safeparcel.SafeParcelable$RemovedParam
com.google.android.gms.common.internal.safeparcel.SafeParcelable$Reserved
com.google.android.gms.common.internal.safeparcel.SafeParcelable$VersionField
com.google.android.gms.common.internal.safeparcel.SafeParcelable
com.google.android.gms.common.internal.safeparcel.SafeParcelableSerializer
com.google.android.gms.common.internal.service.Common
com.google.android.gms.common.internal.service.zaa
com.google.android.gms.common.internal.service.zab
com.google.android.gms.common.internal.service.zac
com.google.android.gms.common.internal.service.zad
com.google.android.gms.common.internal.service.zae
com.google.android.gms.common.internal.service.zaf
com.google.android.gms.common.internal.service.zag
com.google.android.gms.common.internal.service.zah
com.google.android.gms.common.internal.service.zaj
com.google.android.gms.common.internal.service.zak
com.google.android.gms.common.internal.service.zal
com.google.android.gms.common.internal.zaaa
com.google.android.gms.common.internal.zab:
    public void <init>(java.util.Set)
com.google.android.gms.common.internal.zae
com.google.android.gms.common.internal.zag:
    public static com.google.android.gms.common.internal.zag zac(androidx.fragment.app.Fragment,android.content.Intent,int)
com.google.android.gms.common.internal.zaj
com.google.android.gms.common.internal.zak
com.google.android.gms.common.internal.zal:
    public void <init>()
com.google.android.gms.common.internal.zam
com.google.android.gms.common.internal.zao
com.google.android.gms.common.internal.zap
com.google.android.gms.common.internal.zaq
com.google.android.gms.common.internal.zar
com.google.android.gms.common.internal.zas
com.google.android.gms.common.internal.zav:
    public final boolean zac()
    public final boolean zad()
com.google.android.gms.common.internal.zax
com.google.android.gms.common.internal.zay
com.google.android.gms.common.internal.zaz
com.google.android.gms.common.internal.zzab
com.google.android.gms.common.internal.zzae
com.google.android.gms.common.internal.zzaf
com.google.android.gms.common.internal.zzag
com.google.android.gms.common.internal.zzah:
    public static java.lang.String zzb(android.content.Context)
com.google.android.gms.common.internal.zzak
com.google.android.gms.common.internal.zzal
com.google.android.gms.common.internal.zzh
com.google.android.gms.common.internal.zzi
com.google.android.gms.common.internal.zzj
com.google.android.gms.common.internal.zzk:
    public void <init>()
com.google.android.gms.common.internal.zzo:
    public void <init>(android.content.ComponentName,int)
    public void <init>(java.lang.String,int,boolean)
com.google.android.gms.common.internal.zzs:
    final void zzi(java.util.concurrent.Executor)
    final void zzj(android.os.Looper)
com.google.android.gms.common.internal.zzu
com.google.android.gms.common.internal.zzx
com.google.android.gms.common.internal.zzy
com.google.android.gms.common.internal.zzz:
    public static com.google.android.gms.common.internal.zzaa zzg(android.os.IBinder)
com.google.android.gms.common.logging.Logger
com.google.android.gms.common.moduleinstall.InstallStatusListener
com.google.android.gms.common.moduleinstall.ModuleAvailabilityResponse$AvailabilityStatus
com.google.android.gms.common.moduleinstall.ModuleAvailabilityResponse
com.google.android.gms.common.moduleinstall.ModuleInstall
com.google.android.gms.common.moduleinstall.ModuleInstallClient
com.google.android.gms.common.moduleinstall.ModuleInstallIntentResponse
com.google.android.gms.common.moduleinstall.ModuleInstallRequest$Builder
com.google.android.gms.common.moduleinstall.ModuleInstallRequest